<?xml version="1.0" encoding="utf-8"?><testsuites name="pytest tests"><testsuite name="pytest" errors="0" failures="0" skipped="0" tests="13" time="110.844" timestamp="2026-08-25T10:00:29.870395+00:00" hostname="agent-env-9c240f2d-747d-488f-9882-248bcd85827c"><testcase classname="tests.test_astroai_api" name="test_api_root" time="0.174" /><testcase classname="tests.test_astroai_api" name="test_login_and_me" time="0.390" /><testcase classname="tests.test_astroai_api" name="test_register_route_rejects_existing_account" time="0.081" /><testcase classname="tests.test_astroai_api" name="test_auth_protected_routes_reject_anonymous" time="0.166" /><testcase classname="tests.test_astroai_api" name="test_kundli_create_persists_and_returns_chart" time="46.076" /><testcase classname="tests.test_astroai_api" name="test_chat_uses_chart_context" time="17.562" /><testcase classname="tests.test_astroai_api" name="test_palm_rejects_invalid_image" time="0.080" /><testcase classname="tests.test_astroai_api" name="test_palm_rejects_mismatched_image_bytes" time="0.078" /><testcase classname="tests.test_astroai_api" name="test_palm_rejects_unsupported_and_invalid_payloads" time="1.387" /><testcase classname="tests.test_astroai_api" name="test_geocode_search_too_short" time="0.078" /><testcase classname="tests.test_astroai_api" name="test_geocode_search_returns_matches" time="0.359" /><testcase classname="tests.test_astroai_api" name="test_kundli_uses_user_provided_coordinates" time="43.764" /><testcase classname="tests.test_astroai_api" name="test_dashboard_shape" time="0.131" /></testsuite></testsuites>