<?xml version="1.0" encoding="utf-8"?><testsuites name="pytest tests"><testsuite name="pytest" errors="0" failures="0" skipped="0" tests="17" time="3.793" timestamp="2026-08-25T10:00:20.449137+00:00" hostname="agent-env-9c240f2d-747d-488f-9882-248bcd85827c"><testcase classname="tests.test_payments" name="test_payments_config_unconfigured" time="0.713" /><testcase classname="tests.test_payments" name="test_order_requires_auth" time="0.109" /><testcase classname="tests.test_payments" name="test_order_returns_503_when_unconfigured" time="0.177" /><testcase classname="tests.test_payments" name="test_order_rejects_unknown_product" time="0.234" /><testcase classname="tests.test_payments" name="test_verify_checkout_signature_true_and_false" time="0.026" /><testcase classname="tests.test_payments" name="test_verify_webhook_signature_true_and_false" time="0.002" /><testcase classname="tests.test_payments" name="test_create_order_uses_server_side_amount[palm-9900]" time="0.002" /><testcase classname="tests.test_payments" name="test_create_order_uses_server_side_amount[kundli-9900]" time="0.001" /><testcase classname="tests.test_payments" name="test_create_order_uses_server_side_amount[bundle-15900]" time="0.001" /><testcase classname="tests.test_payments" name="test_entitlements_fresh_user" time="0.149" /><testcase classname="tests.test_payments" name="test_entitlements_after_paid_kundli" time="0.208" /><testcase classname="tests.test_payments" name="test_entitlements_after_paid_bundle" time="0.153" /><testcase classname="tests.test_payments" name="test_kundli_latest_locked_then_unlocked" time="0.288" /><testcase classname="tests.test_payments" name="test_palm_latest_gating_if_exists" time="0.230" /><testcase classname="tests.test_payments" name="test_verify_bad_signature_marks_order_failed" time="0.285" /><testcase classname="tests.test_payments" name="test_verify_already_paid_is_idempotent" time="0.116" /><testcase classname="tests.test_payments" name="test_webhook_returns_503_when_unconfigured" time="0.138" /></testsuite></testsuites>