<?xml version="1.0" encoding="utf-8"?><testsuites name="pytest tests"><testsuite name="pytest" errors="0" failures="0" skipped="0" tests="13" time="113.466" timestamp="2026-08-25T07:08:59.270885+00:00" hostname="agent-env-9c240f2d-747d-488f-9882-248bcd85827c"><testcase classname="tests.test_astroai_api" name="test_api_root" time="0.250" /><testcase classname="tests.test_astroai_api" name="test_login_and_me" time="0.336" /><testcase classname="tests.test_astroai_api" name="test_register_route_rejects_existing_account" time="0.042" /><testcase classname="tests.test_astroai_api" name="test_auth_protected_routes_reject_anonymous" time="0.081" /><testcase classname="tests.test_astroai_api" name="test_kundli_create_persists_and_returns_chart" time="41.158" /><testcase classname="tests.test_astroai_api" name="test_chat_uses_chart_context" time="20.482" /><testcase classname="tests.test_astroai_api" name="test_palm_rejects_invalid_image" time="0.092" /><testcase classname="tests.test_astroai_api" name="test_palm_rejects_mismatched_image_bytes" time="0.045" /><testcase classname="tests.test_astroai_api" name="test_palm_rejects_unsupported_and_invalid_payloads" time="0.613" /><testcase classname="tests.test_astroai_api" name="test_geocode_search_too_short" time="0.041" /><testcase classname="tests.test_astroai_api" name="test_geocode_search_returns_matches" time="0.056" /><testcase classname="tests.test_astroai_api" name="test_kundli_uses_user_provided_coordinates" time="49.707" /><testcase classname="tests.test_astroai_api" name="test_dashboard_shape" time="0.049" /></testsuite></testsuites>