<?xml version="1.0" encoding="utf-8"?><testsuites name="pytest tests"><testsuite name="pytest" errors="0" failures="0" skipped="0" tests="10" time="66.990" timestamp="2026-08-25T06:37:25.532804+00:00" hostname="agent-env-9c240f2d-747d-488f-9882-248bcd85827c"><testcase classname="tests.test_astroai_api" name="test_api_root" time="0.241" /><testcase classname="tests.test_astroai_api" name="test_login_and_me" time="0.317" /><testcase classname="tests.test_astroai_api" name="test_register_route_rejects_existing_account" time="0.047" /><testcase classname="tests.test_astroai_api" name="test_auth_protected_routes_reject_anonymous" time="0.090" /><testcase classname="tests.test_astroai_api" name="test_kundli_create_persists_and_returns_chart" time="43.829" /><testcase classname="tests.test_astroai_api" name="test_chat_uses_chart_context" time="21.142" /><testcase classname="tests.test_astroai_api" name="test_palm_rejects_invalid_image" time="0.096" /><testcase classname="tests.test_astroai_api" name="test_palm_rejects_mismatched_image_bytes" time="0.044" /><testcase classname="tests.test_astroai_api" name="test_palm_rejects_unsupported_and_invalid_payloads" time="0.637" /><testcase classname="tests.test_astroai_api" name="test_dashboard_shape" time="0.049" /></testsuite></testsuites>