<?xml version="1.0" encoding="utf-8"?><testsuites name="pytest tests"><testsuite name="pytest" errors="0" failures="0" skipped="0" tests="9" time="42.518" timestamp="2026-08-24T16:29:21.696284+00:00" hostname="agent-env-9c240f2d-747d-488f-9882-248bcd85827c"><testcase classname="tests.test_astroai_api" name="test_api_root" time="0.282" /><testcase classname="tests.test_astroai_api" name="test_login_and_me" time="0.556" /><testcase classname="tests.test_astroai_api" name="test_register_route_rejects_existing_account" time="0.142" /><testcase classname="tests.test_astroai_api" name="test_auth_protected_routes_reject_anonymous" time="0.338" /><testcase classname="tests.test_astroai_api" name="test_kundli_create_persists_and_returns_chart" time="22.674" /><testcase classname="tests.test_astroai_api" name="test_chat_uses_chart_context" time="17.403" /><testcase classname="tests.test_astroai_api" name="test_palm_rejects_invalid_image" time="0.100" /><testcase classname="tests.test_astroai_api" name="test_palm_accepts_featured_jpeg" time="0.441" /><testcase classname="tests.test_astroai_api" name="test_dashboard_shape" time="0.087" /></testsuite></testsuites>