<?xml version="1.0" encoding="utf-8"?><testsuites name="pytest tests"><testsuite name="pytest" errors="0" failures="2" skipped="0" tests="10" time="3.664" timestamp="2026-08-24T17:06:10.300231+00:00" hostname="agent-env-9c240f2d-747d-488f-9882-248bcd85827c"><testcase classname="tests.test_astroai_api" name="test_api_root" time="0.189" /><testcase classname="tests.test_astroai_api" name="test_login_and_me" time="0.385" /><testcase classname="tests.test_astroai_api" name="test_register_route_rejects_existing_account" time="0.070" /><testcase classname="tests.test_astroai_api" name="test_auth_protected_routes_reject_anonymous" time="0.141" /><testcase classname="tests.test_astroai_api" name="test_kundli_create_persists_and_returns_chart" time="0.853"><failure message="assert 503 == 200&#10; +  where 503 = &lt;Response [503]&gt;.status_code">backend/tests/test_astroai_api.py:70: in test_kundli_create_persists_and_returns_chart
    assert response.status_code == 200
E   assert 503 == 200
E    +  where 503 = &lt;Response [503]&gt;.status_code</failure></testcase><testcase classname="tests.test_astroai_api" name="test_chat_uses_chart_context" time="0.117"><failure message="assert 503 == 200&#10; +  where 503 = &lt;Response [503]&gt;.status_code">backend/tests/test_astroai_api.py:94: in test_chat_uses_chart_context
    assert response.status_code == 200
E   assert 503 == 200
E    +  where 503 = &lt;Response [503]&gt;.status_code</failure></testcase><testcase classname="tests.test_astroai_api" name="test_palm_rejects_invalid_image" time="0.067" /><testcase classname="tests.test_astroai_api" name="test_palm_rejects_mismatched_image_bytes" time="0.068" /><testcase classname="tests.test_astroai_api" name="test_palm_rejects_unsupported_and_invalid_payloads" time="1.190" /><testcase classname="tests.test_astroai_api" name="test_dashboard_shape" time="0.073" /></testsuite></testsuites>